[INFO]	asctime:2019-10-19 04:55:12,014	module:views	message:hello!	process:2298	thread:123145379545088
[INFO]	asctime:2019-10-19 04:55:12,467	module:views	message:hello!	process:2298	thread:123145379545088
[INFO]	asctime:2019-10-19 04:56:35,531	module:views	message:['numpy']	process:2374	thread:123145351639040
[INFO]	asctime:2019-10-19 04:56:35,962	module:views	message:[]	process:2374	thread:123145351639040
[INFO]	asctime:2019-10-19 04:57:28,691	module:views	message:pip install -U ['numpy']	process:2453	thread:123145342459904
[INFO]	asctime:2019-10-19 04:57:29,135	module:views	message:pip install -U []	process:2453	thread:123145342459904
[INFO]	asctime:2019-10-19 05:00:20,747	module:views	message:pip install -U „Åù„ÅÆ‰ªñ	process:2667	thread:123145511387136
[INFO]	asctime:2019-10-19 05:01:14,550	module:views	message:pip install -U „Åù„ÅÆ‰ªñ	process:2737	thread:123145323950080
[INFO]	asctime:2019-10-19 05:01:14,550	module:views	message:pip install -U Ê©üÊ¢∞Â≠¶Áøí	process:2737	thread:123145323950080
[INFO]	asctime:2019-10-19 05:14:29,900	module:views	message:pip install -U numpy	process:3622	thread:123145456787456
[INFO]	asctime:2019-10-19 05:16:01,887	module:views	message:numpy	process:3754	thread:123145572139008
[INFO]	asctime:2019-10-19 05:16:35,373	module:views	message:pip install -U ['numpy']	process:3758	thread:123145393328128
[INFO]	asctime:2019-10-19 05:16:35,373	module:views	message:pip install -U []	process:3758	thread:123145393328128
[INFO]	asctime:2019-10-19 05:17:16,297	module:views	message:pip install -U ['numpy']	process:3826	thread:123145364623360
[INFO]	asctime:2019-10-19 05:17:16,297	module:views	message:pip install -U []	process:3826	thread:123145364623360
[INFO]	asctime:2019-10-19 05:18:20,205	module:views	message:pip install -U numpy	process:3903	thread:123145486102528
[INFO]	asctime:2019-10-19 05:18:53,852	module:views	message:<class 'list'>	process:3975	thread:123145360846848
[INFO]	asctime:2019-10-19 05:18:53,852	module:views	message:<class 'list'>	process:3975	thread:123145360846848
[INFO]	asctime:2019-10-19 05:22:51,672	module:views	message:<class 'str'>	process:4180	thread:123145562226688
[INFO]	asctime:2019-10-19 05:22:51,672	module:views	message:<class 'str'>	process:4180	thread:123145562226688
[INFO]	asctime:2019-10-19 05:23:11,051	module:views	message:['numpy']	process:4250	thread:123145358684160
[INFO]	asctime:2019-10-19 05:23:11,051	module:views	message:[]	process:4250	thread:123145358684160
[INFO]	asctime:2019-10-19 05:29:47,291	module:views	message:[, ', n, u, m, p, y, ', ]	process:4657	thread:123145439608832
[INFO]	asctime:2019-10-19 05:29:47,291	module:views	message:[, ]	process:4657	thread:123145439608832
[INFO]	asctime:2019-10-19 05:33:37,161	module:views	message:'numpy'	process:4949	thread:123145554550784
[INFO]	asctime:2019-10-19 05:33:37,161	module:views	message:	process:4949	thread:123145554550784
[INFO]	asctime:2019-10-19 05:37:00,122	module:views	message:['numpy']	process:5218	thread:123145573908480
[INFO]	asctime:2019-10-19 05:37:00,124	module:views	message:[]	process:5218	thread:123145573908480
[INFO]	asctime:2019-10-19 05:37:34,783	module:views	message:numpy	process:5222	thread:123145551380480
[INFO]	asctime:2019-10-19 05:38:27,480	module:views	message:1	process:5296	thread:123145511088128
[INFO]	asctime:2019-10-19 05:38:39,432	module:views	message:1	process:5302	thread:123145573302272
[INFO]	asctime:2019-10-19 05:38:39,432	module:views	message:0	process:5302	thread:123145573302272
[INFO]	asctime:2019-10-19 05:39:10,618	module:views	message:1	process:5302	thread:123145573302272
[INFO]	asctime:2019-10-19 05:39:10,618	module:views	message:0	process:5302	thread:123145573302272
[INFO]	asctime:2019-10-19 05:40:34,388	module:views	message:numpy	process:5439	thread:123145469075456
[INFO]	asctime:2019-10-19 05:41:23,697	module:views	message:numpy	process:5507	thread:123145405353984
[INFO]	asctime:2019-10-19 05:41:59,513	module:views	message:pip install -U numpy	process:5578	thread:123145396572160
[INFO]	asctime:2019-10-19 05:52:12,189	module:views	message:pip install -U numpy	process:6267	thread:123145483427840
[INFO]	asctime:2019-10-19 05:52:50,985	module:views	message:pip install -U numpy	process:6278	thread:123145505652736
[INFO]	asctime:2019-10-19 05:53:06,963	module:views	message:pip install -U numpy	process:6349	thread:123145475678208
[INFO]	asctime:2019-10-19 05:53:06,964	module:views	message:pip install -U keras	process:6349	thread:123145475678208
[INFO]	asctime:2019-10-19 05:53:57,918	module:views	message:pip install -U numpy	process:6421	thread:123145406439424
[INFO]	asctime:2019-10-19 05:53:57,918	module:views	message:pip install -U keras	process:6421	thread:123145406439424
[INFO]	asctime:2019-10-19 05:57:06,016	module:views	message:['numpy']	process:6561	thread:123145493073920
[INFO]	asctime:2019-10-19 05:57:06,016	module:views	message:pip install -U numpy	process:6561	thread:123145493073920
[INFO]	asctime:2019-10-19 05:57:06,016	module:views	message:['keras']	process:6561	thread:123145493073920
[INFO]	asctime:2019-10-19 05:57:06,016	module:views	message:pip install -U keras	process:6561	thread:123145493073920
[INFO]	asctime:2019-10-19 05:57:38,934	module:views	message:{'„Åù„ÅÆ‰ªñ': ['numpy'], 'Ê©üÊ¢∞Â≠¶Áøí': ['keras']}	process:6630	thread:123145410183168
[INFO]	asctime:2019-10-19 05:57:38,934	module:views	message:pip install -U numpy	process:6630	thread:123145410183168
[INFO]	asctime:2019-10-19 05:57:38,935	module:views	message:pip install -U keras	process:6630	thread:123145410183168
[INFO]	asctime:2019-10-19 05:57:58,349	module:views	message:{'„Åù„ÅÆ‰ªñ': ['numpy', 'opencv-python'], 'Ê©üÊ¢∞Â≠¶Áøí': ['keras', 'tensorflow', 'chainer']}	process:6630	thread:123145410183168
[INFO]	asctime:2019-10-19 05:57:58,350	module:views	message:pip install -U numpy	process:6630	thread:123145410183168
[INFO]	asctime:2019-10-19 05:57:58,350	module:views	message:pip install -U keras	process:6630	thread:123145410183168
[INFO]	asctime:2019-10-19 05:59:01,086	module:views	message:{'„Åù„ÅÆ‰ªñ': ['numpy', 'opencv-python'], 'Ê©üÊ¢∞Â≠¶Áøí': []}	process:6704	thread:123145392566272
[INFO]	asctime:2019-10-19 05:59:01,086	module:views	message:pip install -U numpy	process:6704	thread:123145392566272
[INFO]	asctime:2019-10-19 06:05:57,204	module:views	message:{'„Åù„ÅÆ‰ªñ': ['numpy'], 'Ê©üÊ¢∞Â≠¶Áøí': ['keras']}	process:7207	thread:123145373134848
[INFO]	asctime:2019-10-19 06:05:57,204	module:views	message:pip install -U numpy	process:7207	thread:123145373134848
[INFO]	asctime:2019-10-19 06:05:57,204	module:views	message:pip install -U keras	process:7207	thread:123145373134848
[INFO]	asctime:2019-10-20 00:03:20,393	module:views	message:{'ÇªÇÃëº': [], 'ã@äBäwèK': []}	process:19932	thread:7508
[INFO]	asctime:2019-10-20 00:05:28,230	module:views	message:{'ÇªÇÃëº': [], 'ã@äBäwèK': []}	process:13944	thread:10420
[INFO]	asctime:2019-10-20 00:05:34,209	module:views	message:{'ÇªÇÃëº': [], 'ã@äBäwèK': []}	process:13944	thread:20348
[INFO]	asctime:2019-10-20 00:07:46,590	module:views	message:{'ÇªÇÃëº': [], 'ã@äBäwèK': []}	process:13944	thread:19440
[INFO]	asctime:2019-10-20 00:10:37,450	module:views	message:{'ÇªÇÃëº': [], 'ã@äBäwèK': []}	process:13944	thread:19472
[INFO]	asctime:2019-10-20 00:13:54,800	module:views	message:{'ÇªÇÃëº': [], 'ã@äBäwèK': []}	process:13944	thread:2840
[INFO]	asctime:2019-10-20 00:16:04,232	module:views	message:{'ÇªÇÃëº': ['numpy'], 'ã@äBäwèK': []}	process:16692	thread:7448
[INFO]	asctime:2019-10-20 00:16:04,233	module:views	message:pip install -U numpy	process:16692	thread:7448
[INFO]	asctime:2019-10-20 00:20:02,957	module:views	message:{'ÇªÇÃëº': ['numpy'], 'ã@äBäwèK': []}	process:1756	thread:18892
[INFO]	asctime:2019-10-20 00:20:02,958	module:views	message:pip install -U numpy	process:1756	thread:18892
[INFO]	asctime:2019-10-20 00:21:49,222	module:views	message:{'ÇªÇÃëº': ['numpy'], 'ã@äBäwèK': []}	process:9444	thread:19992
[INFO]	asctime:2019-10-20 00:21:49,223	module:views	message:pip install -U numpy	process:9444	thread:19992
[INFO]	asctime:2019-10-20 00:23:33,596	module:views	message:{'ÇªÇÃëº': ['numpy'], 'ã@äBäwèK': []}	process:8040	thread:17512
[INFO]	asctime:2019-10-20 00:23:33,597	module:views	message:pip install -U numpy	process:8040	thread:17512
[INFO]	asctime:2019-10-20 00:30:21,702	module:views	message:{'ÇªÇÃëº': ['numpy'], 'ã@äBäwèK': []}	process:22012	thread:7276
[INFO]	asctime:2019-10-20 00:30:21,707	module:views	message:pip install numpy	process:22012	thread:7276
[INFO]	asctime:2019-10-20 00:31:41,933	module:views	message:{'ÇªÇÃëº': ['numpy'], 'ã@äBäwèK': []}	process:22204	thread:18372
[INFO]	asctime:2019-10-20 00:31:41,948	module:views	message:pip install -U numpy	process:22204	thread:18372
[INFO]	asctime:2019-10-20 00:34:32,965	module:views	message:{'ÇªÇÃëº': ['numpy'], 'ã@äBäwèK': []}	process:24060	thread:23656
[INFO]	asctime:2019-10-20 00:34:32,997	module:views	message:pip install -U numpy	process:24060	thread:23656
[INFO]	asctime:2019-10-20 00:39:08,469	module:views	message:{'ÇªÇÃëº': ['numpy'], 'ã@äBäwèK': []}	process:25208	thread:9788
[INFO]	asctime:2019-10-20 00:39:08,470	module:views	message:pip install -U numpy	process:25208	thread:9788
[INFO]	asctime:2019-10-20 01:14:33,542	module:views	message:{'ÇªÇÃëº': [], 'ã@äBäwèK': []}	process:34608	thread:32624
[INFO]	asctime:2019-10-19 19:04:34,927	module:views	message:{'„ÉÅ„Çß„ÉÉ„ÇØ': ['keras'], '„Åù„ÅÆ‰ªñ': ['numpy'], 'Ê©üÊ¢∞Â≠¶Áøí': [], 'ÂãïÁöÑÈÅ∏ÊäûËÇ¢Ôºë': []}	process:19223	thread:123145339260928
[INFO]	asctime:2019-10-19 19:04:34,927	module:views	message:pip install -U keras	process:19223	thread:123145339260928
[INFO]	asctime:2019-10-19 19:04:34,927	module:views	message:pip install -U numpy	process:19223	thread:123145339260928
[INFO]	asctime:2019-10-19 19:04:57,861	module:views	message:{'„ÉÅ„Çß„ÉÉ„ÇØ': ['keras'], '„Åù„ÅÆ‰ªñ': ['numpy', 'opencv-python'], 'Ê©üÊ¢∞Â≠¶Áøí': [], 'ÂãïÁöÑÈÅ∏ÊäûËÇ¢Ôºë': []}	process:19223	thread:123145334005760
[INFO]	asctime:2019-10-19 19:04:57,861	module:views	message:pip install -U keras	process:19223	thread:123145334005760
[INFO]	asctime:2019-10-19 19:04:57,861	module:views	message:pip install -U numpy	process:19223	thread:123145334005760
[INFO]	asctime:2019-10-19 19:09:25,646	module:views	message:{'„ÉÅ„Çß„ÉÉ„ÇØ': ['keras'], '„Åù„ÅÆ‰ªñ': ['numpy', 'opencv-python'], 'Ê©üÊ¢∞Â≠¶Áøí': [], 'ÂãïÁöÑÈÅ∏ÊäûËÇ¢Ôºë': []}	process:19746	thread:123145415585792
[INFO]	asctime:2019-10-19 19:09:25,646	module:views	message:pip install -U keras	process:19746	thread:123145415585792
[INFO]	asctime:2019-10-19 19:09:25,646	module:views	message:pip install -U numpy	process:19746	thread:123145415585792
[INFO]	asctime:2019-10-19 22:50:19,633	module:views	message:('Ââç„ÅÆ„Éï„Ç©„É´„ÉÄ', '/Users/amontom/django/JPHacks2019-Edit_Demo3')	process:34717	thread:123145557155840
[INFO]	asctime:2019-10-19 22:50:19,633	module:views	message:('VMforBeginnerApp', '/Users/amontom/django/JPHacks2019-Edit_Demo3/VMforBeginner/VMforBeginnerApp')	process:34717	thread:123145557155840
[INFO]	asctime:2019-10-19 22:50:19,634	module:views	message:('as', '/Users/amontom/django/JPHacks2019-Edit_Demo3/VMforBeginner/as')	process:34717	thread:123145557155840
[INFO]	asctime:2019-10-19 22:50:19,634	module:views	message:('VMforBeginner', '/Users/amontom/django/JPHacks2019-Edit_Demo3/VMforBeginner/VMforBeginner')	process:34717	thread:123145557155840
[INFO]	asctime:2019-10-19 23:03:13,468	module:views	message:('Ââç„ÅÆ„Éï„Ç©„É´„ÉÄ', '/Users/amontom/django/JPHacks2019-Edit_Demo3')	process:1086	thread:123145448853504
[INFO]	asctime:2019-10-19 23:03:13,468	module:views	message:('VMforBeginnerApp', '/Users/amontom/django/JPHacks2019-Edit_Demo3/VMforBeginner/VMforBeginnerApp')	process:1086	thread:123145448853504
[INFO]	asctime:2019-10-19 23:03:13,468	module:views	message:('as', '/Users/amontom/django/JPHacks2019-Edit_Demo3/VMforBeginner/as')	process:1086	thread:123145448853504
[INFO]	asctime:2019-10-19 23:03:13,468	module:views	message:('VMforBeginner', '/Users/amontom/django/JPHacks2019-Edit_Demo3/VMforBeginner/VMforBeginner')	process:1086	thread:123145448853504
[INFO]	asctime:2019-10-19 23:03:24,659	module:views	message:('Ââç„ÅÆ„Éï„Ç©„É´„ÉÄ', '/Users/amontom/django/JPHacks2019-Edit_Demo3')	process:1158	thread:123145406885888
[INFO]	asctime:2019-10-19 23:03:24,659	module:views	message:('VMforBeginnerApp', '/Users/amontom/django/JPHacks2019-Edit_Demo3/VMforBeginner/VMforBeginnerApp')	process:1158	thread:123145406885888
[INFO]	asctime:2019-10-19 23:03:24,659	module:views	message:('as', '/Users/amontom/django/JPHacks2019-Edit_Demo3/VMforBeginner/as')	process:1158	thread:123145406885888
[INFO]	asctime:2019-10-19 23:03:24,659	module:views	message:('VMforBeginner', '/Users/amontom/django/JPHacks2019-Edit_Demo3/VMforBeginner/VMforBeginner')	process:1158	thread:123145406885888
[INFO]	asctime:2019-10-19 23:05:50,593	module:views	message:{'files': [('README.md', '/Users/amontom/django/JPHacks2019-Edit_Demo3/README.md')], 'dirs': [('Ââç„ÅÆ„Éï„Ç©„É´„ÉÄ', '/Users/amontom/django'), ('VMforBeginner', '/Users/amontom/django/JPHacks2019-Edit_Demo3/VMforBeginner')], 'venv': None}	process:1353	thread:123145534263296
[INFO]	asctime:2019-10-19 23:05:50,594	module:views	message:{'files': [('models.py', '/Users/amontom/django/JPHacks2019-Edit_Demo3/VMforBeginner/VMforBeginnerApp/models.py'), ('apps.py', '/Users/amontom/django/JPHacks2019-Edit_Demo3/VMforBeginner/VMforBeginnerApp/apps.py'), ('forms.py', '/Users/amontom/django/JPHacks2019-Edit_Demo3/VMforBeginner/VMforBeginnerApp/forms.py'), ('admin.py', '/Users/amontom/django/JPHacks2019-Edit_Demo3/VMforBeginner/VMforBeginnerApp/admin.py'), ('utils.py', '/Users/amontom/django/JPHacks2019-Edit_Demo3/VMforBeginner/VMforBeginnerApp/utils.py'), ('tests.py', '/Users/amontom/django/JPHacks2019-Edit_Demo3/VMforBeginner/VMforBeginnerApp/tests.py'), ('urls.py', '/Users/amontom/django/JPHacks2019-Edit_Demo3/VMforBeginner/VMforBeginnerApp/urls.py'), ('views.py', '/Users/amontom/django/JPHacks2019-Edit_Demo3/VMforBeginner/VMforBeginnerApp/views.py')], 'dirs': [('Ââç„ÅÆ„Éï„Ç©„É´„ÉÄ', '/Users/amontom/django/JPHacks2019-Edit_Demo3/VMforBeginner'), ('templatetags', '/Users/amontom/django/JPHacks2019-Edit_Demo3/VMforBeginner/VMforBeginnerApp/templatetags'), ('migrations', '/Users/amontom/django/JPHacks2019-Edit_Demo3/VMforBeginner/VMforBeginnerApp/migrations'), ('__pycache__', '/Users/amontom/django/JPHacks2019-Edit_Demo3/VMforBeginner/VMforBeginnerApp/__pycache__'), ('static', '/Users/amontom/django/JPHacks2019-Edit_Demo3/VMforBeginner/VMforBeginnerApp/static'), ('templates', '/Users/amontom/django/JPHacks2019-Edit_Demo3/VMforBeginner/VMforBeginnerApp/templates')], 'venv': None}	process:1353	thread:123145534263296
[INFO]	asctime:2019-10-19 23:05:50,594	module:views	message:{'files': [('requirement.txt', '/Users/amontom/django/JPHacks2019-Edit_Demo3/VMforBeginner/as/requirement.txt')], 'dirs': [('Ââç„ÅÆ„Éï„Ç©„É´„ÉÄ', '/Users/amontom/django/JPHacks2019-Edit_Demo3/VMforBeginner'), ('bin', '/Users/amontom/django/JPHacks2019-Edit_Demo3/VMforBeginner/as/bin'), ('include', '/Users/amontom/django/JPHacks2019-Edit_Demo3/VMforBeginner/as/include'), ('lib', '/Users/amontom/django/JPHacks2019-Edit_Demo3/VMforBeginner/as/lib')], 'venv': None}	process:1353	thread:123145534263296
[INFO]	asctime:2019-10-19 23:05:50,594	module:views	message:{'files': [('settings.py', '/Users/amontom/django/JPHacks2019-Edit_Demo3/VMforBeginner/VMforBeginner/settings.py'), ('urls.py', '/Users/amontom/django/JPHacks2019-Edit_Demo3/VMforBeginner/VMforBeginner/urls.py'), ('wsgi.py', '/Users/amontom/django/JPHacks2019-Edit_Demo3/VMforBeginner/VMforBeginner/wsgi.py')], 'dirs': [('Ââç„ÅÆ„Éï„Ç©„É´„ÉÄ', '/Users/amontom/django/JPHacks2019-Edit_Demo3/VMforBeginner'), ('__pycache__', '/Users/amontom/django/JPHacks2019-Edit_Demo3/VMforBeginner/VMforBeginner/__pycache__')], 'venv': None}	process:1353	thread:123145534263296
[INFO]	asctime:2019-10-19 23:07:29,193	module:views	message:{'files': [('README.md', '/Users/amontom/django/JPHacks2019-Edit_Demo3/README.md')], 'dirs': [('Ââç„ÅÆ„Éï„Ç©„É´„ÉÄ', '/Users/amontom/django'), ('VMforBeginner', '/Users/amontom/django/JPHacks2019-Edit_Demo3/VMforBeginner')], 'venv': None}	process:1504	thread:123145554743296
[INFO]	asctime:2019-10-19 23:07:29,194	module:views	message:{'files': [('models.py', '/Users/amontom/django/JPHacks2019-Edit_Demo3/VMforBeginner/VMforBeginnerApp/models.py'), ('apps.py', '/Users/amontom/django/JPHacks2019-Edit_Demo3/VMforBeginner/VMforBeginnerApp/apps.py'), ('forms.py', '/Users/amontom/django/JPHacks2019-Edit_Demo3/VMforBeginner/VMforBeginnerApp/forms.py'), ('admin.py', '/Users/amontom/django/JPHacks2019-Edit_Demo3/VMforBeginner/VMforBeginnerApp/admin.py'), ('utils.py', '/Users/amontom/django/JPHacks2019-Edit_Demo3/VMforBeginner/VMforBeginnerApp/utils.py'), ('tests.py', '/Users/amontom/django/JPHacks2019-Edit_Demo3/VMforBeginner/VMforBeginnerApp/tests.py'), ('urls.py', '/Users/amontom/django/JPHacks2019-Edit_Demo3/VMforBeginner/VMforBeginnerApp/urls.py'), ('views.py', '/Users/amontom/django/JPHacks2019-Edit_Demo3/VMforBeginner/VMforBeginnerApp/views.py')], 'dirs': [('Ââç„ÅÆ„Éï„Ç©„É´„ÉÄ', '/Users/amontom/django/JPHacks2019-Edit_Demo3/VMforBeginner'), ('templatetags', '/Users/amontom/django/JPHacks2019-Edit_Demo3/VMforBeginner/VMforBeginnerApp/templatetags'), ('migrations', '/Users/amontom/django/JPHacks2019-Edit_Demo3/VMforBeginner/VMforBeginnerApp/migrations'), ('__pycache__', '/Users/amontom/django/JPHacks2019-Edit_Demo3/VMforBeginner/VMforBeginnerApp/__pycache__'), ('static', '/Users/amontom/django/JPHacks2019-Edit_Demo3/VMforBeginner/VMforBeginnerApp/static'), ('templates', '/Users/amontom/django/JPHacks2019-Edit_Demo3/VMforBeginner/VMforBeginnerApp/templates')], 'venv': None}	process:1504	thread:123145554743296
[INFO]	asctime:2019-10-19 23:07:29,194	module:views	message:{'files': [('requirement.txt', '/Users/amontom/django/JPHacks2019-Edit_Demo3/VMforBeginner/as/requirement.txt')], 'dirs': [('Ââç„ÅÆ„Éï„Ç©„É´„ÉÄ', '/Users/amontom/django/JPHacks2019-Edit_Demo3/VMforBeginner'), ('bin', '/Users/amontom/django/JPHacks2019-Edit_Demo3/VMforBeginner/as/bin'), ('include', '/Users/amontom/django/JPHacks2019-Edit_Demo3/VMforBeginner/as/include'), ('lib', '/Users/amontom/django/JPHacks2019-Edit_Demo3/VMforBeginner/as/lib')], 'venv': None}	process:1504	thread:123145554743296
[INFO]	asctime:2019-10-19 23:07:29,194	module:views	message:{'files': [('settings.py', '/Users/amontom/django/JPHacks2019-Edit_Demo3/VMforBeginner/VMforBeginner/settings.py'), ('urls.py', '/Users/amontom/django/JPHacks2019-Edit_Demo3/VMforBeginner/VMforBeginner/urls.py'), ('wsgi.py', '/Users/amontom/django/JPHacks2019-Edit_Demo3/VMforBeginner/VMforBeginner/wsgi.py')], 'dirs': [('Ââç„ÅÆ„Éï„Ç©„É´„ÉÄ', '/Users/amontom/django/JPHacks2019-Edit_Demo3/VMforBeginner'), ('__pycache__', '/Users/amontom/django/JPHacks2019-Edit_Demo3/VMforBeginner/VMforBeginner/__pycache__')], 'venv': None}	process:1504	thread:123145554743296
[INFO]	asctime:2019-10-19 23:07:31,147	module:views	message:{'files': [('README.md', '/Users/amontom/django/JPHacks2019-Edit_Demo3/README.md')], 'dirs': [('Ââç„ÅÆ„Éï„Ç©„É´„ÉÄ', '/Users/amontom/django'), ('VMforBeginner', '/Users/amontom/django/JPHacks2019-Edit_Demo3/VMforBeginner')], 'venv': None}	process:1504	thread:123145554743296
[INFO]	asctime:2019-10-19 23:07:31,147	module:views	message:{'files': [('models.py', '/Users/amontom/django/JPHacks2019-Edit_Demo3/VMforBeginner/VMforBeginnerApp/models.py'), ('apps.py', '/Users/amontom/django/JPHacks2019-Edit_Demo3/VMforBeginner/VMforBeginnerApp/apps.py'), ('forms.py', '/Users/amontom/django/JPHacks2019-Edit_Demo3/VMforBeginner/VMforBeginnerApp/forms.py'), ('admin.py', '/Users/amontom/django/JPHacks2019-Edit_Demo3/VMforBeginner/VMforBeginnerApp/admin.py'), ('utils.py', '/Users/amontom/django/JPHacks2019-Edit_Demo3/VMforBeginner/VMforBeginnerApp/utils.py'), ('tests.py', '/Users/amontom/django/JPHacks2019-Edit_Demo3/VMforBeginner/VMforBeginnerApp/tests.py'), ('urls.py', '/Users/amontom/django/JPHacks2019-Edit_Demo3/VMforBeginner/VMforBeginnerApp/urls.py'), ('views.py', '/Users/amontom/django/JPHacks2019-Edit_Demo3/VMforBeginner/VMforBeginnerApp/views.py')], 'dirs': [('Ââç„ÅÆ„Éï„Ç©„É´„ÉÄ', '/Users/amontom/django/JPHacks2019-Edit_Demo3/VMforBeginner'), ('templatetags', '/Users/amontom/django/JPHacks2019-Edit_Demo3/VMforBeginner/VMforBeginnerApp/templatetags'), ('migrations', '/Users/amontom/django/JPHacks2019-Edit_Demo3/VMforBeginner/VMforBeginnerApp/migrations'), ('__pycache__', '/Users/amontom/django/JPHacks2019-Edit_Demo3/VMforBeginner/VMforBeginnerApp/__pycache__'), ('static', '/Users/amontom/django/JPHacks2019-Edit_Demo3/VMforBeginner/VMforBeginnerApp/static'), ('templates', '/Users/amontom/django/JPHacks2019-Edit_Demo3/VMforBeginner/VMforBeginnerApp/templates')], 'venv': None}	process:1504	thread:123145554743296
[INFO]	asctime:2019-10-19 23:07:31,148	module:views	message:{'files': [('requirement.txt', '/Users/amontom/django/JPHacks2019-Edit_Demo3/VMforBeginner/as/requirement.txt')], 'dirs': [('Ââç„ÅÆ„Éï„Ç©„É´„ÉÄ', '/Users/amontom/django/JPHacks2019-Edit_Demo3/VMforBeginner'), ('bin', '/Users/amontom/django/JPHacks2019-Edit_Demo3/VMforBeginner/as/bin'), ('include', '/Users/amontom/django/JPHacks2019-Edit_Demo3/VMforBeginner/as/include'), ('lib', '/Users/amontom/django/JPHacks2019-Edit_Demo3/VMforBeginner/as/lib')], 'venv': None}	process:1504	thread:123145554743296
[INFO]	asctime:2019-10-19 23:07:31,149	module:views	message:{'files': [('settings.py', '/Users/amontom/django/JPHacks2019-Edit_Demo3/VMforBeginner/VMforBeginner/settings.py'), ('urls.py', '/Users/amontom/django/JPHacks2019-Edit_Demo3/VMforBeginner/VMforBeginner/urls.py'), ('wsgi.py', '/Users/amontom/django/JPHacks2019-Edit_Demo3/VMforBeginner/VMforBeginner/wsgi.py')], 'dirs': [('Ââç„ÅÆ„Éï„Ç©„É´„ÉÄ', '/Users/amontom/django/JPHacks2019-Edit_Demo3/VMforBeginner'), ('__pycache__', '/Users/amontom/django/JPHacks2019-Edit_Demo3/VMforBeginner/VMforBeginner/__pycache__')], 'venv': None}	process:1504	thread:123145554743296
[INFO]	asctime:2019-10-19 23:08:32,974	module:views	message:{'files': [('README.md', '/Users/amontom/django/JPHacks2019-Edit_Demo3/README.md')], 'dirs': [('Ââç„ÅÆ„Éï„Ç©„É´„ÉÄ', '/Users/amontom/django'), ('VMforBeginner', '/Users/amontom/django/JPHacks2019-Edit_Demo3/VMforBeginner')], 'venv': None}	process:1575	thread:123145413222400
[INFO]	asctime:2019-10-19 23:08:32,975	module:views	message:{'files': [('models.py', '/Users/amontom/django/JPHacks2019-Edit_Demo3/VMforBeginner/VMforBeginnerApp/models.py'), ('apps.py', '/Users/amontom/django/JPHacks2019-Edit_Demo3/VMforBeginner/VMforBeginnerApp/apps.py'), ('forms.py', '/Users/amontom/django/JPHacks2019-Edit_Demo3/VMforBeginner/VMforBeginnerApp/forms.py'), ('admin.py', '/Users/amontom/django/JPHacks2019-Edit_Demo3/VMforBeginner/VMforBeginnerApp/admin.py'), ('utils.py', '/Users/amontom/django/JPHacks2019-Edit_Demo3/VMforBeginner/VMforBeginnerApp/utils.py'), ('tests.py', '/Users/amontom/django/JPHacks2019-Edit_Demo3/VMforBeginner/VMforBeginnerApp/tests.py'), ('urls.py', '/Users/amontom/django/JPHacks2019-Edit_Demo3/VMforBeginner/VMforBeginnerApp/urls.py'), ('views.py', '/Users/amontom/django/JPHacks2019-Edit_Demo3/VMforBeginner/VMforBeginnerApp/views.py')], 'dirs': [('Ââç„ÅÆ„Éï„Ç©„É´„ÉÄ', '/Users/amontom/django/JPHacks2019-Edit_Demo3/VMforBeginner'), ('templatetags', '/Users/amontom/django/JPHacks2019-Edit_Demo3/VMforBeginner/VMforBeginnerApp/templatetags'), ('migrations', '/Users/amontom/django/JPHacks2019-Edit_Demo3/VMforBeginner/VMforBeginnerApp/migrations'), ('__pycache__', '/Users/amontom/django/JPHacks2019-Edit_Demo3/VMforBeginner/VMforBeginnerApp/__pycache__'), ('static', '/Users/amontom/django/JPHacks2019-Edit_Demo3/VMforBeginner/VMforBeginnerApp/static'), ('templates', '/Users/amontom/django/JPHacks2019-Edit_Demo3/VMforBeginner/VMforBeginnerApp/templates')], 'venv': None}	process:1575	thread:123145413222400
[INFO]	asctime:2019-10-19 23:08:32,975	module:views	message:{'files': [('requirement.txt', '/Users/amontom/django/JPHacks2019-Edit_Demo3/VMforBeginner/as/requirement.txt')], 'dirs': [('Ââç„ÅÆ„Éï„Ç©„É´„ÉÄ', '/Users/amontom/django/JPHacks2019-Edit_Demo3/VMforBeginner'), ('bin', '/Users/amontom/django/JPHacks2019-Edit_Demo3/VMforBeginner/as/bin'), ('include', '/Users/amontom/django/JPHacks2019-Edit_Demo3/VMforBeginner/as/include'), ('lib', '/Users/amontom/django/JPHacks2019-Edit_Demo3/VMforBeginner/as/lib')], 'venv': None}	process:1575	thread:123145413222400
[INFO]	asctime:2019-10-19 23:08:32,976	module:views	message:{'files': [('settings.py', '/Users/amontom/django/JPHacks2019-Edit_Demo3/VMforBeginner/VMforBeginner/settings.py'), ('urls.py', '/Users/amontom/django/JPHacks2019-Edit_Demo3/VMforBeginner/VMforBeginner/urls.py'), ('wsgi.py', '/Users/amontom/django/JPHacks2019-Edit_Demo3/VMforBeginner/VMforBeginner/wsgi.py')], 'dirs': [('Ââç„ÅÆ„Éï„Ç©„É´„ÉÄ', '/Users/amontom/django/JPHacks2019-Edit_Demo3/VMforBeginner'), ('__pycache__', '/Users/amontom/django/JPHacks2019-Edit_Demo3/VMforBeginner/VMforBeginner/__pycache__')], 'venv': None}	process:1575	thread:123145413222400
[INFO]	asctime:2019-10-19 23:12:17,507	module:views	message:{'files': [('README.md', '/Users/amontom/django/JPHacks2019-Edit_Demo3/README.md')], 'dirs': [('Ââç„ÅÆ„Éï„Ç©„É´„ÉÄ', '/Users/amontom/django'), ('VMforBeginner', '/Users/amontom/django/JPHacks2019-Edit_Demo3/VMforBeginner')], 'venv': None}	process:1775	thread:123145459748864
[INFO]	asctime:2019-10-19 23:12:17,509	module:views	message:{'files': [('models.py', '/Users/amontom/django/JPHacks2019-Edit_Demo3/VMforBeginner/VMforBeginnerApp/models.py'), ('apps.py', '/Users/amontom/django/JPHacks2019-Edit_Demo3/VMforBeginner/VMforBeginnerApp/apps.py'), ('forms.py', '/Users/amontom/django/JPHacks2019-Edit_Demo3/VMforBeginner/VMforBeginnerApp/forms.py'), ('admin.py', '/Users/amontom/django/JPHacks2019-Edit_Demo3/VMforBeginner/VMforBeginnerApp/admin.py'), ('utils.py', '/Users/amontom/django/JPHacks2019-Edit_Demo3/VMforBeginner/VMforBeginnerApp/utils.py'), ('tests.py', '/Users/amontom/django/JPHacks2019-Edit_Demo3/VMforBeginner/VMforBeginnerApp/tests.py'), ('urls.py', '/Users/amontom/django/JPHacks2019-Edit_Demo3/VMforBeginner/VMforBeginnerApp/urls.py'), ('views.py', '/Users/amontom/django/JPHacks2019-Edit_Demo3/VMforBeginner/VMforBeginnerApp/views.py')], 'dirs': [('Ââç„ÅÆ„Éï„Ç©„É´„ÉÄ', '/Users/amontom/django/JPHacks2019-Edit_Demo3/VMforBeginner'), ('templatetags', '/Users/amontom/django/JPHacks2019-Edit_Demo3/VMforBeginner/VMforBeginnerApp/templatetags'), ('migrations', '/Users/amontom/django/JPHacks2019-Edit_Demo3/VMforBeginner/VMforBeginnerApp/migrations'), ('__pycache__', '/Users/amontom/django/JPHacks2019-Edit_Demo3/VMforBeginner/VMforBeginnerApp/__pycache__'), ('static', '/Users/amontom/django/JPHacks2019-Edit_Demo3/VMforBeginner/VMforBeginnerApp/static'), ('templates', '/Users/amontom/django/JPHacks2019-Edit_Demo3/VMforBeginner/VMforBeginnerApp/templates')], 'venv': None}	process:1775	thread:123145459748864
[INFO]	asctime:2019-10-19 23:12:17,509	module:views	message:{'files': [('requirement.txt', '/Users/amontom/django/JPHacks2019-Edit_Demo3/VMforBeginner/as/requirement.txt')], 'dirs': [('Ââç„ÅÆ„Éï„Ç©„É´„ÉÄ', '/Users/amontom/django/JPHacks2019-Edit_Demo3/VMforBeginner'), ('bin', '/Users/amontom/django/JPHacks2019-Edit_Demo3/VMforBeginner/as/bin'), ('include', '/Users/amontom/django/JPHacks2019-Edit_Demo3/VMforBeginner/as/include'), ('lib', '/Users/amontom/django/JPHacks2019-Edit_Demo3/VMforBeginner/as/lib')], 'venv': None}	process:1775	thread:123145459748864
[INFO]	asctime:2019-10-19 23:12:17,510	module:views	message:{'files': [('settings.py', '/Users/amontom/django/JPHacks2019-Edit_Demo3/VMforBeginner/VMforBeginner/settings.py'), ('urls.py', '/Users/amontom/django/JPHacks2019-Edit_Demo3/VMforBeginner/VMforBeginner/urls.py'), ('wsgi.py', '/Users/amontom/django/JPHacks2019-Edit_Demo3/VMforBeginner/VMforBeginner/wsgi.py')], 'dirs': [('Ââç„ÅÆ„Éï„Ç©„É´„ÉÄ', '/Users/amontom/django/JPHacks2019-Edit_Demo3/VMforBeginner'), ('__pycache__', '/Users/amontom/django/JPHacks2019-Edit_Demo3/VMforBeginner/VMforBeginner/__pycache__')], 'venv': None}	process:1775	thread:123145459748864
[INFO]	asctime:2019-10-19 23:14:28,389	module:views	message:{'files': [('README.md', '/Users/amontom/django/JPHacks2019-Edit_Demo3/README.md')], 'dirs': [('Ââç„ÅÆ„Éï„Ç©„É´„ÉÄ', '/Users/amontom/django'), ('VMforBeginner', '/Users/amontom/django/JPHacks2019-Edit_Demo3/VMforBeginner')], 'venv': None}	process:1981	thread:123145318346752
[INFO]	asctime:2019-10-19 23:14:28,389	module:views	message:{'files': [('models.py', '/Users/amontom/django/JPHacks2019-Edit_Demo3/VMforBeginner/VMforBeginnerApp/models.py'), ('apps.py', '/Users/amontom/django/JPHacks2019-Edit_Demo3/VMforBeginner/VMforBeginnerApp/apps.py'), ('forms.py', '/Users/amontom/django/JPHacks2019-Edit_Demo3/VMforBeginner/VMforBeginnerApp/forms.py'), ('admin.py', '/Users/amontom/django/JPHacks2019-Edit_Demo3/VMforBeginner/VMforBeginnerApp/admin.py'), ('utils.py', '/Users/amontom/django/JPHacks2019-Edit_Demo3/VMforBeginner/VMforBeginnerApp/utils.py'), ('tests.py', '/Users/amontom/django/JPHacks2019-Edit_Demo3/VMforBeginner/VMforBeginnerApp/tests.py'), ('urls.py', '/Users/amontom/django/JPHacks2019-Edit_Demo3/VMforBeginner/VMforBeginnerApp/urls.py'), ('views.py', '/Users/amontom/django/JPHacks2019-Edit_Demo3/VMforBeginner/VMforBeginnerApp/views.py')], 'dirs': [('Ââç„ÅÆ„Éï„Ç©„É´„ÉÄ', '/Users/amontom/django/JPHacks2019-Edit_Demo3/VMforBeginner'), ('templatetags', '/Users/amontom/django/JPHacks2019-Edit_Demo3/VMforBeginner/VMforBeginnerApp/templatetags'), ('migrations', '/Users/amontom/django/JPHacks2019-Edit_Demo3/VMforBeginner/VMforBeginnerApp/migrations'), ('__pycache__', '/Users/amontom/django/JPHacks2019-Edit_Demo3/VMforBeginner/VMforBeginnerApp/__pycache__'), ('static', '/Users/amontom/django/JPHacks2019-Edit_Demo3/VMforBeginner/VMforBeginnerApp/static'), ('templates', '/Users/amontom/django/JPHacks2019-Edit_Demo3/VMforBeginner/VMforBeginnerApp/templates')], 'venv': None}	process:1981	thread:123145318346752
[INFO]	asctime:2019-10-19 23:14:28,390	module:views	message:{'files': [('requirement.txt', '/Users/amontom/django/JPHacks2019-Edit_Demo3/VMforBeginner/as/requirement.txt')], 'dirs': [('Ââç„ÅÆ„Éï„Ç©„É´„ÉÄ', '/Users/amontom/django/JPHacks2019-Edit_Demo3/VMforBeginner'), ('bin', '/Users/amontom/django/JPHacks2019-Edit_Demo3/VMforBeginner/as/bin'), ('include', '/Users/amontom/django/JPHacks2019-Edit_Demo3/VMforBeginner/as/include'), ('lib', '/Users/amontom/django/JPHacks2019-Edit_Demo3/VMforBeginner/as/lib')], 'venv': None}	process:1981	thread:123145318346752
[INFO]	asctime:2019-10-19 23:14:28,390	module:views	message:{'files': [('settings.py', '/Users/amontom/django/JPHacks2019-Edit_Demo3/VMforBeginner/VMforBeginner/settings.py'), ('urls.py', '/Users/amontom/django/JPHacks2019-Edit_Demo3/VMforBeginner/VMforBeginner/urls.py'), ('wsgi.py', '/Users/amontom/django/JPHacks2019-Edit_Demo3/VMforBeginner/VMforBeginner/wsgi.py')], 'dirs': [('Ââç„ÅÆ„Éï„Ç©„É´„ÉÄ', '/Users/amontom/django/JPHacks2019-Edit_Demo3/VMforBeginner'), ('__pycache__', '/Users/amontom/django/JPHacks2019-Edit_Demo3/VMforBeginner/VMforBeginner/__pycache__')], 'venv': None}	process:1981	thread:123145318346752
[INFO]	asctime:2019-10-19 23:27:55,331	module:views	message:('django.log', '/Users/amontom/django/JPHacks2019-Edit_Demo3/VMforBeginner/django.log')	process:2869	thread:123145568342016
[INFO]	asctime:2019-10-19 23:27:55,331	module:views	message:('db.sqlite3', '/Users/amontom/django/JPHacks2019-Edit_Demo3/VMforBeginner/db.sqlite3')	process:2869	thread:123145568342016
[INFO]	asctime:2019-10-19 23:27:55,331	module:views	message:('manage.py', '/Users/amontom/django/JPHacks2019-Edit_Demo3/VMforBeginner/manage.py')	process:2869	thread:123145568342016
[INFO]	asctime:2019-10-19 23:27:56,152	module:views	message:('django.log', '/Users/amontom/django/JPHacks2019-Edit_Demo3/VMforBeginner/django.log')	process:2869	thread:123145568342016
[INFO]	asctime:2019-10-19 23:27:56,152	module:views	message:('db.sqlite3', '/Users/amontom/django/JPHacks2019-Edit_Demo3/VMforBeginner/db.sqlite3')	process:2869	thread:123145568342016
[INFO]	asctime:2019-10-19 23:27:56,152	module:views	message:('manage.py', '/Users/amontom/django/JPHacks2019-Edit_Demo3/VMforBeginner/manage.py')	process:2869	thread:123145568342016
[INFO]	asctime:2019-10-20 00:19:54,413	module:views	message:nan	process:2968	thread:123145451999232
[INFO]	asctime:2019-10-20 00:22:56,361	module:views	message:nan	process:3179	thread:123145364836352
[INFO]	asctime:2019-10-20 00:22:57,197	module:views	message:nan	process:3179	thread:123145364836352
[INFO]	asctime:2019-10-20 00:23:35,321	module:views	message:nan	process:3186	thread:123145338019840
[INFO]	asctime:2019-10-20 00:23:35,976	module:views	message:nan	process:3186	thread:123145338019840
[INFO]	asctime:2019-10-20 00:23:51,636	module:views	message:nan	process:3252	thread:123145508036608
[INFO]	asctime:2019-10-20 00:23:52,179	module:views	message:nan	process:3252	thread:123145508036608
[INFO]	asctime:2019-10-20 00:24:21,050	module:views	message:/Users/amontom/django/JPHacks2019-Edit_Demo3/VMforBeginner/as/requirements.txt	process:3257	thread:123145382899712
[INFO]	asctime:2019-10-20 00:24:21,050	module:views	message:nan	process:3257	thread:123145382899712
[INFO]	asctime:2019-10-20 00:24:41,133	module:views	message:False	process:3326	thread:123145445117952
[INFO]	asctime:2019-10-20 00:24:41,134	module:views	message:nan	process:3326	thread:123145445117952
[INFO]	asctime:2019-10-20 00:24:41,852	module:views	message:False	process:3326	thread:123145445117952
[INFO]	asctime:2019-10-20 00:24:41,852	module:views	message:nan	process:3326	thread:123145445117952
[INFO]	asctime:2019-10-20 00:26:05,456	module:views	message:Django==2.2.6
pytz==2019.3
sqlparse==0.3.0
	process:3407	thread:123145547239424
[INFO]	asctime:2019-10-20 00:30:58,139	module:views	message:False	process:3407	thread:123145547239424
[INFO]	asctime:2019-10-20 00:30:58,139	module:views	message:nan	process:3407	thread:123145547239424
[INFO]	asctime:2019-10-20 00:30:59,653	module:views	message:False	process:3407	thread:123145557749760
[INFO]	asctime:2019-10-20 00:30:59,653	module:views	message:nan	process:3407	thread:123145557749760
[INFO]	asctime:2019-10-20 00:33:12,748	module:views	message:False	process:3702	thread:123145500835840
[INFO]	asctime:2019-10-20 00:33:12,748	module:views	message:nan	process:3702	thread:123145500835840
[INFO]	asctime:2019-10-20 00:33:13,659	module:views	message:False	process:3702	thread:123145500835840
[INFO]	asctime:2019-10-20 00:33:13,659	module:views	message:nan	process:3702	thread:123145500835840
[INFO]	asctime:2019-10-20 00:34:19,049	module:views	message:False	process:3702	thread:123145500835840
[INFO]	asctime:2019-10-20 00:34:19,049	module:views	message:nan	process:3702	thread:123145500835840
[INFO]	asctime:2019-10-20 00:34:19,662	module:views	message:False	process:3702	thread:123145500835840
[INFO]	asctime:2019-10-20 00:34:19,662	module:views	message:nan	process:3702	thread:123145500835840
[INFO]	asctime:2019-10-20 00:37:18,232	module:views	message:False	process:3702	thread:123145500835840
[INFO]	asctime:2019-10-20 00:37:18,232	module:views	message:nan	process:3702	thread:123145500835840
[INFO]	asctime:2019-10-20 00:37:19,517	module:views	message:False	process:3702	thread:123145500835840
[INFO]	asctime:2019-10-20 00:37:19,517	module:views	message:nan	process:3702	thread:123145500835840
[INFO]	asctime:2019-10-20 00:37:57,589	module:views	message:False	process:3702	thread:123145500835840
[INFO]	asctime:2019-10-20 00:37:57,589	module:views	message:nan	process:3702	thread:123145500835840
[INFO]	asctime:2019-10-20 00:37:58,364	module:views	message:False	process:3702	thread:123145500835840
[INFO]	asctime:2019-10-20 00:37:58,365	module:views	message:nan	process:3702	thread:123145500835840
[INFO]	asctime:2019-10-20 00:38:19,885	module:views	message:False	process:3702	thread:123145500835840
[INFO]	asctime:2019-10-20 00:38:19,885	module:views	message:nan	process:3702	thread:123145500835840
[INFO]	asctime:2019-10-20 00:38:20,701	module:views	message:False	process:3702	thread:123145500835840
[INFO]	asctime:2019-10-20 00:38:20,702	module:views	message:nan	process:3702	thread:123145500835840
[INFO]	asctime:2019-10-20 00:39:16,312	module:views	message:False	process:4243	thread:123145576112128
[INFO]	asctime:2019-10-20 00:39:16,312	module:views	message:nan	process:4243	thread:123145576112128
[INFO]	asctime:2019-10-20 00:40:14,459	module:views	message:False	process:4243	thread:123145576112128
[INFO]	asctime:2019-10-20 00:40:14,459	module:views	message:nan	process:4243	thread:123145576112128
[INFO]	asctime:2019-10-20 00:40:28,821	module:views	message:False	process:4243	thread:123145576112128
[INFO]	asctime:2019-10-20 00:40:28,822	module:views	message:nan	process:4243	thread:123145576112128
[INFO]	asctime:2019-10-20 00:40:29,707	module:views	message:False	process:4243	thread:123145576112128
[INFO]	asctime:2019-10-20 00:40:29,707	module:views	message:nan	process:4243	thread:123145576112128
[INFO]	asctime:2019-10-20 00:40:54,165	module:views	message:False	process:4243	thread:123145576112128
[INFO]	asctime:2019-10-20 00:40:54,165	module:views	message:nan	process:4243	thread:123145576112128
[INFO]	asctime:2019-10-20 00:48:58,078	module:views	message:Django==2.2.6
pytz==2019.3
sqlparse==0.3.0
	process:4243	thread:123145576112128
[INFO]	asctime:2019-10-20 00:49:06,283	module:views	message:Django==2.2.6
pytz==2019.3
sqlparse==0.3.0
	process:4243	thread:123145576112128
[INFO]	asctime:2019-10-20 00:52:33,465	module:views	message:False	process:4243	thread:123145576112128
[INFO]	asctime:2019-10-20 00:52:33,466	module:views	message:nan	process:4243	thread:123145576112128
[INFO]	asctime:2019-10-20 00:55:19,912	module:views	message:False	process:4243	thread:123145576112128
[INFO]	asctime:2019-10-20 00:55:19,914	module:views	message:nan	process:4243	thread:123145576112128
[INFO]	asctime:2019-10-20 00:55:20,927	module:views	message:False	process:4243	thread:123145576112128
[INFO]	asctime:2019-10-20 00:55:20,928	module:views	message:nan	process:4243	thread:123145576112128
[INFO]	asctime:2019-10-20 00:55:26,286	module:views	message:Django==2.2.6
pytz==2019.3
sqlparse==0.3.0
	process:4243	thread:123145576112128
[INFO]	asctime:2019-10-20 00:55:44,694	module:views	message:Django==2.2.6
pytz==2019.3
sqlparse==0.3.0
	process:4243	thread:123145576112128
[INFO]	asctime:2019-10-20 00:56:20,454	module:views	message:False	process:4243	thread:123145576112128
[INFO]	asctime:2019-10-20 00:56:20,454	module:views	message:nan	process:4243	thread:123145576112128
[INFO]	asctime:2019-10-20 00:56:38,134	module:views	message:Django==2.2.6
pytz==2019.3
sqlparse==0.3.0
	process:4243	thread:123145576112128
[INFO]	asctime:2019-10-20 00:57:16,789	module:views	message:Django==2.2.6
pytz==2019.3
sqlparse==0.3.0
	process:4243	thread:123145576112128
[INFO]	asctime:2019-10-20 00:57:28,409	module:views	message:Django==2.2.6
pytz==2019.3
sqlparse==0.3.0
	process:4243	thread:123145576112128
[INFO]	asctime:2019-10-20 00:57:32,646	module:views	message:Django==2.2.6
pytz==2019.3
sqlparse==0.3.0
	process:4243	thread:123145576112128
[INFO]	asctime:2019-10-20 00:59:03,373	module:views	message:Django==2.2.6
pytz==2019.3
sqlparse==0.3.0
	process:4243	thread:123145576112128
[INFO]	asctime:2019-10-20 01:11:47,574	module:views	message:False	process:6546	thread:123145337987072
[INFO]	asctime:2019-10-20 01:11:47,574	module:views	message:nan	process:6546	thread:123145337987072
[INFO]	asctime:2019-10-20 01:16:56,061	module:views	message:False	process:6546	thread:123145332731904
[INFO]	asctime:2019-10-20 01:16:56,062	module:views	message:nan	process:6546	thread:123145332731904
[INFO]	asctime:2019-10-20 01:16:57,588	module:views	message:False	process:6546	thread:123145332731904
[INFO]	asctime:2019-10-20 01:16:57,588	module:views	message:nan	process:6546	thread:123145332731904
[INFO]	asctime:2019-10-20 01:17:01,482	module:views	message:Django==2.2.6
pytz==2019.3
sqlparse==0.3.0
	process:6546	thread:123145332731904
[INFO]	asctime:2019-10-20 01:20:07,543	module:views	message:False	process:6546	thread:123145337987072
[INFO]	asctime:2019-10-20 01:20:07,543	module:views	message:nan	process:6546	thread:123145337987072
[INFO]	asctime:2019-10-20 01:20:27,062	module:views	message:False	process:6546	thread:123145337987072
[INFO]	asctime:2019-10-20 01:20:27,062	module:views	message:nan	process:6546	thread:123145337987072
[INFO]	asctime:2019-10-20 01:20:38,460	module:views	message:Django==2.2.6
pytz==2019.3
sqlparse==0.3.0
	process:6546	thread:123145337987072
[INFO]	asctime:2019-10-20 05:12:57,103	module:views	message:False	process:24102	thread:123145470365696
[INFO]	asctime:2019-10-20 05:12:57,104	module:views	message:nan	process:24102	thread:123145470365696
[INFO]	asctime:2019-10-20 05:13:33,123	module:views	message:False	process:24102	thread:123145470365696
[INFO]	asctime:2019-10-20 05:13:33,123	module:views	message:nan	process:24102	thread:123145470365696
[INFO]	asctime:2019-10-20 05:14:17,109	module:views	message:False	process:24102	thread:123145470365696
[INFO]	asctime:2019-10-20 05:14:17,109	module:views	message:nan	process:24102	thread:123145470365696
[INFO]	asctime:2019-10-20 05:15:54,734	module:views	message:False	process:24102	thread:123145470365696
[INFO]	asctime:2019-10-20 05:15:54,736	module:views	message:nan	process:24102	thread:123145470365696
[INFO]	asctime:2019-10-20 05:16:19,898	module:views	message:{'„ÉÅ„Çß„ÉÉ„ÇØ': [], '„Åù„ÅÆ‰ªñ': ['matplotlib'], 'Ê©üÊ¢∞Â≠¶Áøí': [], 'ÂãïÁöÑÈÅ∏ÊäûËÇ¢Ôºë': []}	process:24102	thread:123145470365696
[INFO]	asctime:2019-10-20 05:16:19,898	module:views	message:pip install -U matplotlib	process:24102	thread:123145470365696
[INFO]	asctime:2019-10-20 05:20:03,314	module:views	message:{'„ÉÅ„Çß„ÉÉ„ÇØ': [], '„Åù„ÅÆ‰ªñ': [], 'Ê©üÊ¢∞Â≠¶Áøí': ['numpy'], 'ÂãïÁöÑÈÅ∏ÊäûËÇ¢Ôºë': []}	process:24786	thread:123145415323648
